<?xml version="1.0" encoding="UTF-8"?>
<!-- Generated by org.testng.reporters.JUnitXMLReporter -->
<testsuite ignored="0" hostname="Gabriel-Desktop" failures="0" tests="5" name="Default test" time="0.092" errors="0" timestamp="2021-11-09T14:55:35 BRT">
  <testcase classname="FahrenheitToCelsiusPackage.FahrenheitToCelsiusTest" name="convert_Fahrenheit_To_Celsius" time="0.056"/>
  <testcase classname="FahrenheitToCelsiusPackage.FahrenheitToCelsiusTest" name="convert_Fahrenheit_To_Celsius" time="0.001"/>
  <testcase classname="FahrenheitToCelsiusPackage.FahrenheitToCelsiusTest" name="convert_Fahrenheit_To_Celsius" time="0.002"/>
  <testcase classname="FahrenheitToCelsiusPackage.FahrenheitToCelsiusTest" name="convert_Fahrenheit_To_Celsius" time="0.001"/>
  <testcase classname="FahrenheitToCelsiusPackage.FahrenheitToCelsiusTest" name="convert_Fahrenheit_To_Celsius" time="0.002"/>
</testsuite> <!-- Default test -->
