<?xml version="1.0" encoding="UTF-8"?>
<testng-results ignored="0" total="5" passed="5" failed="0" skipped="0">
  <reporter-output>
  </reporter-output>
  <suite started-at="2021-11-09T14:55:35 BRT" name="Default suite" finished-at="2021-11-09T14:55:35 BRT" duration-ms="92">
    <groups>
    </groups>
    <test started-at="2021-11-09T14:55:35 BRT" name="Default test" finished-at="2021-11-09T14:55:35 BRT" duration-ms="92">
      <class name="FahrenheitToCelsiusPackage.FahrenheitToCelsiusTest">
        <test-method signature="convert_Fahrenheit_To_Celsius(double,double)[pri:0, instance:FahrenheitToCelsiusPackage.FahrenheitToCelsiusTest@51e5fc98]" started-at="2021-11-09T14:55:35 BRT" name="convert_Fahrenheit_To_Celsius" data-provider="test-data" finished-at="2021-11-09T14:55:35 BRT" duration-ms="56" status="PASS">
          <params>
            <param index="0">
              <value>
                <![CDATA[32]]>
              </value>
            </param>
            <param index="1">
              <value>
                <![CDATA[0]]>
              </value>
            </param>
          </params>
          <reporter-output>
          </reporter-output>
        </test-method> <!-- convert_Fahrenheit_To_Celsius -->
        <test-method signature="convert_Fahrenheit_To_Celsius(double,double)[pri:0, instance:FahrenheitToCelsiusPackage.FahrenheitToCelsiusTest@51e5fc98]" started-at="2021-11-09T14:55:35 BRT" name="convert_Fahrenheit_To_Celsius" data-provider="test-data" finished-at="2021-11-09T14:55:35 BRT" duration-ms="1" status="PASS">
          <params>
            <param index="0">
              <value>
                <![CDATA[50]]>
              </value>
            </param>
            <param index="1">
              <value>
                <![CDATA[10]]>
              </value>
            </param>
          </params>
          <reporter-output>
          </reporter-output>
        </test-method> <!-- convert_Fahrenheit_To_Celsius -->
        <test-method signature="convert_Fahrenheit_To_Celsius(double,double)[pri:0, instance:FahrenheitToCelsiusPackage.FahrenheitToCelsiusTest@51e5fc98]" started-at="2021-11-09T14:55:35 BRT" name="convert_Fahrenheit_To_Celsius" data-provider="test-data" finished-at="2021-11-09T14:55:35 BRT" duration-ms="2" status="PASS">
          <params>
            <param index="0">
              <value>
                <![CDATA[212]]>
              </value>
            </param>
            <param index="1">
              <value>
                <![CDATA[100]]>
              </value>
            </param>
          </params>
          <reporter-output>
          </reporter-output>
        </test-method> <!-- convert_Fahrenheit_To_Celsius -->
        <test-method signature="convert_Fahrenheit_To_Celsius(double,double)[pri:0, instance:FahrenheitToCelsiusPackage.FahrenheitToCelsiusTest@51e5fc98]" started-at="2021-11-09T14:55:35 BRT" name="convert_Fahrenheit_To_Celsius" data-provider="test-data" finished-at="2021-11-09T14:55:35 BRT" duration-ms="1" status="PASS">
          <params>
            <param index="0">
              <value>
                <![CDATA[-40]]>
              </value>
            </param>
            <param index="1">
              <value>
                <![CDATA[-40]]>
              </value>
            </param>
          </params>
          <reporter-output>
          </reporter-output>
        </test-method> <!-- convert_Fahrenheit_To_Celsius -->
        <test-method signature="convert_Fahrenheit_To_Celsius(double,double)[pri:0, instance:FahrenheitToCelsiusPackage.FahrenheitToCelsiusTest@51e5fc98]" started-at="2021-11-09T14:55:35 BRT" name="convert_Fahrenheit_To_Celsius" data-provider="test-data" finished-at="2021-11-09T14:55:35 BRT" duration-ms="2" status="PASS">
          <params>
            <param index="0">
              <value>
                <![CDATA[-459.67]]>
              </value>
            </param>
            <param index="1">
              <value>
                <![CDATA[-273.15]]>
              </value>
            </param>
          </params>
          <reporter-output>
          </reporter-output>
        </test-method> <!-- convert_Fahrenheit_To_Celsius -->
      </class> <!-- FahrenheitToCelsiusPackage.FahrenheitToCelsiusTest -->
    </test> <!-- Default test -->
  </suite> <!-- Default suite -->
</testng-results>
